2017-08-10 15:39:34,570 - __init__.py:28 - hhcf - python ÈÕÖ¾£ºinfo
2017-08-10 15:39:34,570 - __init__.py:29 - hhcf - python ÈÕÖ¾£ºDEBUG
2017-08-10 15:47:45,807 - __init__.py:28 - hhcf - python æ—¥å¿—ï¼šinfo
2017-08-10 15:47:45,807 - __init__.py:29 - hhcf - python æ—¥å¿—ï¼šDEBUG
2017-08-10 15:54:17,369 - log_utils.py:28 - hhcf - python æ—¥å¿—ï¼šinfo
2017-08-10 15:54:17,369 - log_utils.py:29 - hhcf - python æ—¥å¿—ï¼šDEBUG
2017-08-10 16:00:35,921 - log_utils.py:28 - hhcf - python æ—¥å¿—ï¼šinfo
2017-08-10 16:00:35,921 - log_utils.py:29 - hhcf - python æ—¥å¿—ï¼šDEBUG
2017-08-10 16:00:35,921 - __init__.py:13 - hhcf - å¼•ç”¨log
2017-08-10 16:05:08,674 - log_utils.py:29 - log_utils - python æ—¥å¿—ï¼šinfo
2017-08-10 16:05:08,674 - log_utils.py:30 - log_utils - python æ—¥å¿—ï¼šDEBUG
2017-08-10 16:05:08,674 - __init__.py:13 - log_utils - å¼•ç”¨log
2017-08-10 16:06:36,561 - log_utils.py:29 - log_utils - python æ—¥å¿—ï¼šinfo
2017-08-10 16:06:36,561 - log_utils.py:30 - log_utils - python æ—¥å¿—ï¼šDEBUG
2017-08-10 16:11:26,414 - log_utils.py:32 - __main__ - python æ—¥å¿—ï¼šDEBUG $
2017-08-10 16:11:59,131 - log_utils.py:29 - __main__ - python æ—¥å¿—ï¼šinfo
2017-08-10 16:11:59,131 - log_utils.py:32 - __main__ - python æ—¥å¿—ï¼šDEBUG $
2017-08-10 16:12:07,901 - log_utils.py:29 - __main__ - python æ—¥å¿—ï¼šinfo
2017-08-10 16:12:07,901 - log_utils.py:32 - __main__ - python æ—¥å¿—ï¼šDEBUG $s
2017-08-10 16:12:17,589 - log_utils.py:29 - __main__ - python æ—¥å¿—ï¼šinfo
2017-08-10 16:12:17,589 - log_utils.py:32 - __main__ - python æ—¥å¿—ï¼šDEBUG :$s
